2025-02-28T15:05:18.703+05:30  INFO 38788 --- [EmployeePayrollApp] [restartedMain] c.b.e.EmployeePayrollApplication         : Starting EmployeePayrollApplication using Java 23.0.2 with PID 38788 (C:\Users\Administrator\Desktop\cap-training\Lab-Practice\Week-06-07-Lab-Practice\EmployeePayrollApp\EmployeePayrollApp\target\classes started by Ajeet Raj in C:\Users\Administrator\Desktop\cap-training\Lab-Practice\Week-06-07-Lab-Practice\EmployeePayrollApp\EmployeePayrollApp)
2025-02-28T15:05:18.706+05:30  INFO 38788 --- [EmployeePayrollApp] [restartedMain] c.b.e.EmployeePayrollApplication         : No active profile set, falling back to 1 default profile: "default"
2025-02-28T15:05:18.827+05:30  INFO 38788 --- [EmployeePayrollApp] [restartedMain] .e.DevToolsPropertyDefaultsPostProcessor : Devtools property defaults active! Set 'spring.devtools.add-properties' to 'false' to disable
2025-02-28T15:05:18.828+05:30  INFO 38788 --- [EmployeePayrollApp] [restartedMain] .e.DevToolsPropertyDefaultsPostProcessor : For additional web related logging consider setting the 'logging.level.web' property to 'DEBUG'
2025-02-28T15:05:20.158+05:30  INFO 38788 --- [EmployeePayrollApp] [restartedMain] .s.d.r.c.RepositoryConfigurationDelegate : Bootstrapping Spring Data JPA repositories in DEFAULT mode.
2025-02-28T15:05:20.195+05:30  INFO 38788 --- [EmployeePayrollApp] [restartedMain] .s.d.r.c.RepositoryConfigurationDelegate : Finished Spring Data repository scanning in 21 ms. Found 0 JPA repository interfaces.
2025-02-28T15:05:21.299+05:30  INFO 38788 --- [EmployeePayrollApp] [restartedMain] o.s.b.w.embedded.tomcat.TomcatWebServer  : Tomcat initialized with port 8080 (http)
2025-02-28T15:05:21.328+05:30  INFO 38788 --- [EmployeePayrollApp] [restartedMain] o.apache.catalina.core.StandardService   : Starting service [Tomcat]
2025-02-28T15:05:21.329+05:30  INFO 38788 --- [EmployeePayrollApp] [restartedMain] o.apache.catalina.core.StandardEngine    : Starting Servlet engine: [Apache Tomcat/10.1.36]
2025-02-28T15:05:21.396+05:30  INFO 38788 --- [EmployeePayrollApp] [restartedMain] o.a.c.c.C.[Tomcat].[localhost].[/]       : Initializing Spring embedded WebApplicationContext
2025-02-28T15:05:21.396+05:30  INFO 38788 --- [EmployeePayrollApp] [restartedMain] w.s.c.ServletWebServerApplicationContext : Root WebApplicationContext: initialization completed in 2568 ms
2025-02-28T15:05:21.677+05:30  INFO 38788 --- [EmployeePayrollApp] [restartedMain] com.zaxxer.hikari.HikariDataSource       : HikariPool-1 - Starting...
2025-02-28T15:05:22.263+05:30  INFO 38788 --- [EmployeePayrollApp] [restartedMain] com.zaxxer.hikari.pool.HikariPool        : HikariPool-1 - Added connection com.mysql.cj.jdbc.ConnectionImpl@54a842fb
2025-02-28T15:05:22.267+05:30  INFO 38788 --- [EmployeePayrollApp] [restartedMain] com.zaxxer.hikari.HikariDataSource       : HikariPool-1 - Start completed.
2025-02-28T15:05:22.350+05:30  INFO 38788 --- [EmployeePayrollApp] [restartedMain] o.hibernate.jpa.internal.util.LogHelper  : HHH000204: Processing PersistenceUnitInfo [name: default]
2025-02-28T15:05:22.470+05:30  INFO 38788 --- [EmployeePayrollApp] [restartedMain] org.hibernate.Version                    : HHH000412: Hibernate ORM core version 6.5.3.Final
2025-02-28T15:05:22.605+05:30  INFO 38788 --- [EmployeePayrollApp] [restartedMain] o.h.c.internal.RegionFactoryInitiator    : HHH000026: Second-level cache disabled
2025-02-28T15:05:23.231+05:30  INFO 38788 --- [EmployeePayrollApp] [restartedMain] o.s.o.j.p.SpringPersistenceUnitInfo      : No LoadTimeWeaver setup: ignoring JPA class transformer
2025-02-28T15:05:24.341+05:30  INFO 38788 --- [EmployeePayrollApp] [restartedMain] o.h.e.t.j.p.i.JtaPlatformInitiator       : HHH000489: No JTA platform available (set 'hibernate.transaction.jta.platform' to enable JTA platform integration)
2025-02-28T15:05:24.345+05:30  INFO 38788 --- [EmployeePayrollApp] [restartedMain] j.LocalContainerEntityManagerFactoryBean : Initialized JPA EntityManagerFactory for persistence unit 'default'
2025-02-28T15:05:24.456+05:30  WARN 38788 --- [EmployeePayrollApp] [restartedMain] JpaBaseConfiguration$JpaWebConfiguration : spring.jpa.open-in-view is enabled by default. Therefore, database queries may be performed during view rendering. Explicitly configure spring.jpa.open-in-view to disable this warning
2025-02-28T15:05:25.171+05:30  INFO 38788 --- [EmployeePayrollApp] [restartedMain] o.s.b.d.a.OptionalLiveReloadServer       : LiveReload server is running on port 35729
2025-02-28T15:05:25.220+05:30  INFO 38788 --- [EmployeePayrollApp] [restartedMain] o.s.b.w.embedded.tomcat.TomcatWebServer  : Tomcat started on port 8080 (http) with context path '/'
2025-02-28T15:05:25.239+05:30  INFO 38788 --- [EmployeePayrollApp] [restartedMain] c.b.e.EmployeePayrollApplication         : Started EmployeePayrollApplication in 7.63 seconds (process running for 8.664)
2025-02-28T15:07:44.933+05:30  INFO 38788 --- [EmployeePayrollApp] [http-nio-8080-exec-5] o.a.c.c.C.[Tomcat].[localhost].[/]       : Initializing Spring DispatcherServlet 'dispatcherServlet'
2025-02-28T15:07:44.958+05:30  INFO 38788 --- [EmployeePayrollApp] [http-nio-8080-exec-5] o.s.web.servlet.DispatcherServlet        : Initializing Servlet 'dispatcherServlet'
2025-02-28T15:07:44.984+05:30  INFO 38788 --- [EmployeePayrollApp] [http-nio-8080-exec-5] o.s.web.servlet.DispatcherServlet        : Completed initialization in 23 ms
2025-02-28T15:07:45.430+05:30  INFO 38788 --- [EmployeePayrollApp] [http-nio-8080-exec-5] c.b.e.service.EmployeeService            : Successfully a employee Created Employee(id=3, salary=121334.0, name=ajeet)
2025-02-28T15:07:45.434+05:30  INFO 38788 --- [EmployeePayrollApp] [http-nio-8080-exec-5] c.b.e.controller.EmployeeController      : Successfully employee created Employee(id=3, salary=121334.0, name=ajeet)
2025-02-28T15:08:55.639+05:30  INFO 38788 --- [EmployeePayrollApp] [http-nio-8080-exec-8] c.b.e.service.EmployeeService            : Successfully a employee Created Employee(id=3, salary=121334.0, name=ajeet)
2025-02-28T15:08:55.640+05:30  INFO 38788 --- [EmployeePayrollApp] [http-nio-8080-exec-8] c.b.e.controller.EmployeeController      : Successfully employee created Employee(id=3, salary=121334.0, name=ajeet)
2025-02-28T15:09:44.462+05:30  INFO 38788 --- [EmployeePayrollApp] [SpringApplicationShutdownHook] j.LocalContainerEntityManagerFactoryBean : Closing JPA EntityManagerFactory for persistence unit 'default'
2025-02-28T15:09:44.480+05:30  INFO 38788 --- [EmployeePayrollApp] [SpringApplicationShutdownHook] com.zaxxer.hikari.HikariDataSource       : HikariPool-1 - Shutdown initiated...
2025-02-28T15:09:44.528+05:30  INFO 38788 --- [EmployeePayrollApp] [SpringApplicationShutdownHook] com.zaxxer.hikari.HikariDataSource       : HikariPool-1 - Shutdown completed.
